<?xml version="1.0" encoding="UTF-8"?>
<!-- Generated by org.testng.reporters.JUnitReportReporter -->
<testsuite hostname="Ztric-008-Rajesh" failures="0" tests="2" name="tests.TestClass1" time="0.009" errors="0" timestamp="2022-02-11T14:14:10 IST" skipped="0">
  <testcase classname="tests.TestClass1" name="TestB" time="0.006"/>
  <system-out/>
  <testcase classname="tests.TestClass1" name="TestA" time="0.003"/>
  <system-out/>
</testsuite> <!-- tests.TestClass1 -->
