<?xml version="1.0" encoding="UTF-8"?>
<!-- Generated by org.testng.reporters.JUnitReportReporter -->
<testsuite hostname="Ztric-008-Rajesh" failures="0" tests="4" name="test.VerifyHeadersOfApplication" time="16.972" errors="0" timestamp="2022-02-11T09:18:34 IST" skipped="0">
  <testcase classname="test.VerifyHeadersOfApplication" name="toVerifyTaskButton" time="7.969"/>
  <system-out/>
  <testcase classname="test.VerifyHeadersOfApplication" name="toVerifySavedReportTab" time="1.760"/>
  <system-out/>
  <testcase classname="test.VerifyHeadersOfApplication" name="toVerifyUserTab" time="6.113"/>
  <system-out/>
  <testcase classname="test.VerifyHeadersOfApplication" name="toVerifyWorkScheduleTab" time="1.130"/>
  <system-out/>
</testsuite> <!-- test.VerifyHeadersOfApplication -->
